[2023-01-17 19:11:25] local.ERROR: Call to undefined function Database\Seeders\str_random() {"exception":"[object] (Error(code: 0): Call to undefined function Database\\Seeders\\str_random() at C:\\OpenServer\\domains\\laratest\\database\\seeders\\DatabaseSeeder.php:24)
[stacktrace]
#0 C:\\OpenServer\\domains\\laratest\\vendor\\laravel\\framework\\src\\Illuminate\\Container\\BoundMethod.php(36): Database\\Seeders\\DatabaseSeeder->run()
#1 C:\\OpenServer\\domains\\laratest\\vendor\\laravel\\framework\\src\\Illuminate\\Container\\Util.php(41): Illuminate\\Container\\BoundMethod::Illuminate\\Container\\{closure}()
#2 C:\\OpenServer\\domains\\laratest\\vendor\\laravel\\framework\\src\\Illuminate\\Container\\BoundMethod.php(93): Illuminate\\Container\\Util::unwrapIfClosure()
#3 C:\\OpenServer\\domains\\laratest\\vendor\\laravel\\framework\\src\\Illuminate\\Container\\BoundMethod.php(35): Illuminate\\Container\\BoundMethod::callBoundMethod()
#4 C:\\OpenServer\\domains\\laratest\\vendor\\laravel\\framework\\src\\Illuminate\\Container\\Container.php(663): Illuminate\\Container\\BoundMethod::call()
#5 C:\\OpenServer\\domains\\laratest\\vendor\\laravel\\framework\\src\\Illuminate\\Database\\Seeder.php(184): Illuminate\\Container\\Container->call()
#6 C:\\OpenServer\\domains\\laratest\\vendor\\laravel\\framework\\src\\Illuminate\\Database\\Seeder.php(193): Illuminate\\Database\\Seeder->Illuminate\\Database\\{closure}()
#7 C:\\OpenServer\\domains\\laratest\\vendor\\laravel\\framework\\src\\Illuminate\\Database\\Console\\Seeds\\SeedCommand.php(81): Illuminate\\Database\\Seeder->__invoke()
#8 C:\\OpenServer\\domains\\laratest\\vendor\\laravel\\framework\\src\\Illuminate\\Database\\Eloquent\\Concerns\\GuardsAttributes.php(155): Illuminate\\Database\\Console\\Seeds\\SeedCommand->Illuminate\\Database\\Console\\Seeds\\{closure}()
#9 C:\\OpenServer\\domains\\laratest\\vendor\\laravel\\framework\\src\\Illuminate\\Database\\Console\\Seeds\\SeedCommand.php(80): Illuminate\\Database\\Eloquent\\Model::unguarded()
#10 C:\\OpenServer\\domains\\laratest\\vendor\\laravel\\framework\\src\\Illuminate\\Container\\BoundMethod.php(36): Illuminate\\Database\\Console\\Seeds\\SeedCommand->handle()
#11 C:\\OpenServer\\domains\\laratest\\vendor\\laravel\\framework\\src\\Illuminate\\Container\\Util.php(41): Illuminate\\Container\\BoundMethod::Illuminate\\Container\\{closure}()
#12 C:\\OpenServer\\domains\\laratest\\vendor\\laravel\\framework\\src\\Illuminate\\Container\\BoundMethod.php(93): Illuminate\\Container\\Util::unwrapIfClosure()
#13 C:\\OpenServer\\domains\\laratest\\vendor\\laravel\\framework\\src\\Illuminate\\Container\\BoundMethod.php(35): Illuminate\\Container\\BoundMethod::callBoundMethod()
#14 C:\\OpenServer\\domains\\laratest\\vendor\\laravel\\framework\\src\\Illuminate\\Container\\Container.php(663): Illuminate\\Container\\BoundMethod::call()
#15 C:\\OpenServer\\domains\\laratest\\vendor\\laravel\\framework\\src\\Illuminate\\Console\\Command.php(182): Illuminate\\Container\\Container->call()
#16 C:\\OpenServer\\domains\\laratest\\vendor\\symfony\\console\\Command\\Command.php(291): Illuminate\\Console\\Command->execute()
#17 C:\\OpenServer\\domains\\laratest\\vendor\\laravel\\framework\\src\\Illuminate\\Console\\Command.php(151): Symfony\\Component\\Console\\Command\\Command->run()
#18 C:\\OpenServer\\domains\\laratest\\vendor\\symfony\\console\\Application.php(1014): Illuminate\\Console\\Command->run()
#19 C:\\OpenServer\\domains\\laratest\\vendor\\symfony\\console\\Application.php(301): Symfony\\Component\\Console\\Application->doRunCommand()
#20 C:\\OpenServer\\domains\\laratest\\vendor\\symfony\\console\\Application.php(171): Symfony\\Component\\Console\\Application->doRun()
#21 C:\\OpenServer\\domains\\laratest\\vendor\\laravel\\framework\\src\\Illuminate\\Console\\Application.php(102): Symfony\\Component\\Console\\Application->run()
#22 C:\\OpenServer\\domains\\laratest\\vendor\\laravel\\framework\\src\\Illuminate\\Foundation\\Console\\Kernel.php(155): Illuminate\\Console\\Application->run()
#23 C:\\OpenServer\\domains\\laratest\\artisan(35): Illuminate\\Foundation\\Console\\Kernel->handle()
#24 {main}
"} 
[2023-01-17 19:13:17] local.ERROR: SQLSTATE[HY000]: General error: 1364 Field 'desk_id' doesn't have a default value (SQL: insert into `desklists` (`name`, `updated_at`, `created_at`) values (ZMQfxt2Yl0, 2023-01-17 19:13:17, 2023-01-17 19:13:17)) {"exception":"[object] (Illuminate\\Database\\QueryException(code: HY000): SQLSTATE[HY000]: General error: 1364 Field 'desk_id' doesn't have a default value (SQL: insert into `desklists` (`name`, `updated_at`, `created_at`) values (ZMQfxt2Yl0, 2023-01-17 19:13:17, 2023-01-17 19:13:17)) at C:\\OpenServer\\domains\\laratest\\vendor\\laravel\\framework\\src\\Illuminate\\Database\\Connection.php:760)
[stacktrace]
#0 C:\\OpenServer\\domains\\laratest\\vendor\\laravel\\framework\\src\\Illuminate\\Database\\Connection.php(720): Illuminate\\Database\\Connection->runQueryCallback()
#1 C:\\OpenServer\\domains\\laratest\\vendor\\laravel\\framework\\src\\Illuminate\\Database\\Connection.php(534): Illuminate\\Database\\Connection->run()
#2 C:\\OpenServer\\domains\\laratest\\vendor\\laravel\\framework\\src\\Illuminate\\Database\\Connection.php(498): Illuminate\\Database\\Connection->statement()
#3 C:\\OpenServer\\domains\\laratest\\vendor\\laravel\\framework\\src\\Illuminate\\Database\\Query\\Processors\\Processor.php(32): Illuminate\\Database\\Connection->insert()
#4 C:\\OpenServer\\domains\\laratest\\vendor\\laravel\\framework\\src\\Illuminate\\Database\\Query\\Builder.php(3272): Illuminate\\Database\\Query\\Processors\\Processor->processInsertGetId()
#5 C:\\OpenServer\\domains\\laratest\\vendor\\laravel\\framework\\src\\Illuminate\\Database\\Eloquent\\Builder.php(1869): Illuminate\\Database\\Query\\Builder->insertGetId()
#6 C:\\OpenServer\\domains\\laratest\\vendor\\laravel\\framework\\src\\Illuminate\\Database\\Eloquent\\Model.php(1320): Illuminate\\Database\\Eloquent\\Builder->__call()
#7 C:\\OpenServer\\domains\\laratest\\vendor\\laravel\\framework\\src\\Illuminate\\Database\\Eloquent\\Model.php(1285): Illuminate\\Database\\Eloquent\\Model->insertAndSetId()
#8 C:\\OpenServer\\domains\\laratest\\vendor\\laravel\\framework\\src\\Illuminate\\Database\\Eloquent\\Model.php(1128): Illuminate\\Database\\Eloquent\\Model->performInsert()
#9 C:\\OpenServer\\domains\\laratest\\vendor\\laravel\\framework\\src\\Illuminate\\Database\\Eloquent\\Factories\\Factory.php(330): Illuminate\\Database\\Eloquent\\Model->save()
#10 C:\\OpenServer\\domains\\laratest\\vendor\\laravel\\framework\\src\\Illuminate\\Collections\\Traits\\EnumeratesValues.php(236): Illuminate\\Database\\Eloquent\\Factories\\Factory->Illuminate\\Database\\Eloquent\\Factories\\{closure}()
#11 C:\\OpenServer\\domains\\laratest\\vendor\\laravel\\framework\\src\\Illuminate\\Database\\Eloquent\\Factories\\Factory.php(325): Illuminate\\Support\\Collection->each()
#12 C:\\OpenServer\\domains\\laratest\\vendor\\laravel\\framework\\src\\Illuminate\\Database\\Eloquent\\Factories\\Factory.php(279): Illuminate\\Database\\Eloquent\\Factories\\Factory->store()
#13 C:\\OpenServer\\domains\\laratest\\vendor\\laravel\\framework\\src\\Illuminate\\Database\\Eloquent\\Factories\\Factory.php(273): Illuminate\\Database\\Eloquent\\Factories\\Factory->create()
#14 C:\\OpenServer\\domains\\laratest\\database\\seeders\\DatabaseSeeder.php(26): Illuminate\\Database\\Eloquent\\Factories\\Factory->create()
#15 C:\\OpenServer\\domains\\laratest\\vendor\\laravel\\framework\\src\\Illuminate\\Container\\BoundMethod.php(36): Database\\Seeders\\DatabaseSeeder->run()
#16 C:\\OpenServer\\domains\\laratest\\vendor\\laravel\\framework\\src\\Illuminate\\Container\\Util.php(41): Illuminate\\Container\\BoundMethod::Illuminate\\Container\\{closure}()
#17 C:\\OpenServer\\domains\\laratest\\vendor\\laravel\\framework\\src\\Illuminate\\Container\\BoundMethod.php(93): Illuminate\\Container\\Util::unwrapIfClosure()
#18 C:\\OpenServer\\domains\\laratest\\vendor\\laravel\\framework\\src\\Illuminate\\Container\\BoundMethod.php(35): Illuminate\\Container\\BoundMethod::callBoundMethod()
#19 C:\\OpenServer\\domains\\laratest\\vendor\\laravel\\framework\\src\\Illuminate\\Container\\Container.php(663): Illuminate\\Container\\BoundMethod::call()
#20 C:\\OpenServer\\domains\\laratest\\vendor\\laravel\\framework\\src\\Illuminate\\Database\\Seeder.php(184): Illuminate\\Container\\Container->call()
#21 C:\\OpenServer\\domains\\laratest\\vendor\\laravel\\framework\\src\\Illuminate\\Database\\Seeder.php(193): Illuminate\\Database\\Seeder->Illuminate\\Database\\{closure}()
#22 C:\\OpenServer\\domains\\laratest\\vendor\\laravel\\framework\\src\\Illuminate\\Database\\Console\\Seeds\\SeedCommand.php(81): Illuminate\\Database\\Seeder->__invoke()
#23 C:\\OpenServer\\domains\\laratest\\vendor\\laravel\\framework\\src\\Illuminate\\Database\\Eloquent\\Concerns\\GuardsAttributes.php(155): Illuminate\\Database\\Console\\Seeds\\SeedCommand->Illuminate\\Database\\Console\\Seeds\\{closure}()
#24 C:\\OpenServer\\domains\\laratest\\vendor\\laravel\\framework\\src\\Illuminate\\Database\\Console\\Seeds\\SeedCommand.php(80): Illuminate\\Database\\Eloquent\\Model::unguarded()
#25 C:\\OpenServer\\domains\\laratest\\vendor\\laravel\\framework\\src\\Illuminate\\Container\\BoundMethod.php(36): Illuminate\\Database\\Console\\Seeds\\SeedCommand->handle()
#26 C:\\OpenServer\\domains\\laratest\\vendor\\laravel\\framework\\src\\Illuminate\\Container\\Util.php(41): Illuminate\\Container\\BoundMethod::Illuminate\\Container\\{closure}()
#27 C:\\OpenServer\\domains\\laratest\\vendor\\laravel\\framework\\src\\Illuminate\\Container\\BoundMethod.php(93): Illuminate\\Container\\Util::unwrapIfClosure()
#28 C:\\OpenServer\\domains\\laratest\\vendor\\laravel\\framework\\src\\Illuminate\\Container\\BoundMethod.php(35): Illuminate\\Container\\BoundMethod::callBoundMethod()
#29 C:\\OpenServer\\domains\\laratest\\vendor\\laravel\\framework\\src\\Illuminate\\Container\\Container.php(663): Illuminate\\Container\\BoundMethod::call()
#30 C:\\OpenServer\\domains\\laratest\\vendor\\laravel\\framework\\src\\Illuminate\\Console\\Command.php(182): Illuminate\\Container\\Container->call()
#31 C:\\OpenServer\\domains\\laratest\\vendor\\symfony\\console\\Command\\Command.php(291): Illuminate\\Console\\Command->execute()
#32 C:\\OpenServer\\domains\\laratest\\vendor\\laravel\\framework\\src\\Illuminate\\Console\\Command.php(151): Symfony\\Component\\Console\\Command\\Command->run()
#33 C:\\OpenServer\\domains\\laratest\\vendor\\symfony\\console\\Application.php(1014): Illuminate\\Console\\Command->run()
#34 C:\\OpenServer\\domains\\laratest\\vendor\\symfony\\console\\Application.php(301): Symfony\\Component\\Console\\Application->doRunCommand()
#35 C:\\OpenServer\\domains\\laratest\\vendor\\symfony\\console\\Application.php(171): Symfony\\Component\\Console\\Application->doRun()
#36 C:\\OpenServer\\domains\\laratest\\vendor\\laravel\\framework\\src\\Illuminate\\Console\\Application.php(102): Symfony\\Component\\Console\\Application->run()
#37 C:\\OpenServer\\domains\\laratest\\vendor\\laravel\\framework\\src\\Illuminate\\Foundation\\Console\\Kernel.php(155): Illuminate\\Console\\Application->run()
#38 C:\\OpenServer\\domains\\laratest\\artisan(35): Illuminate\\Foundation\\Console\\Kernel->handle()
#39 {main}

[previous exception] [object] (PDOException(code: HY000): SQLSTATE[HY000]: General error: 1364 Field 'desk_id' doesn't have a default value at C:\\OpenServer\\domains\\laratest\\vendor\\laravel\\framework\\src\\Illuminate\\Database\\Connection.php:545)
[stacktrace]
#0 C:\\OpenServer\\domains\\laratest\\vendor\\laravel\\framework\\src\\Illuminate\\Database\\Connection.php(545): PDOStatement->execute()
#1 C:\\OpenServer\\domains\\laratest\\vendor\\laravel\\framework\\src\\Illuminate\\Database\\Connection.php(753): Illuminate\\Database\\Connection->Illuminate\\Database\\{closure}()
#2 C:\\OpenServer\\domains\\laratest\\vendor\\laravel\\framework\\src\\Illuminate\\Database\\Connection.php(720): Illuminate\\Database\\Connection->runQueryCallback()
#3 C:\\OpenServer\\domains\\laratest\\vendor\\laravel\\framework\\src\\Illuminate\\Database\\Connection.php(534): Illuminate\\Database\\Connection->run()
#4 C:\\OpenServer\\domains\\laratest\\vendor\\laravel\\framework\\src\\Illuminate\\Database\\Connection.php(498): Illuminate\\Database\\Connection->statement()
#5 C:\\OpenServer\\domains\\laratest\\vendor\\laravel\\framework\\src\\Illuminate\\Database\\Query\\Processors\\Processor.php(32): Illuminate\\Database\\Connection->insert()
#6 C:\\OpenServer\\domains\\laratest\\vendor\\laravel\\framework\\src\\Illuminate\\Database\\Query\\Builder.php(3272): Illuminate\\Database\\Query\\Processors\\Processor->processInsertGetId()
#7 C:\\OpenServer\\domains\\laratest\\vendor\\laravel\\framework\\src\\Illuminate\\Database\\Eloquent\\Builder.php(1869): Illuminate\\Database\\Query\\Builder->insertGetId()
#8 C:\\OpenServer\\domains\\laratest\\vendor\\laravel\\framework\\src\\Illuminate\\Database\\Eloquent\\Model.php(1320): Illuminate\\Database\\Eloquent\\Builder->__call()
#9 C:\\OpenServer\\domains\\laratest\\vendor\\laravel\\framework\\src\\Illuminate\\Database\\Eloquent\\Model.php(1285): Illuminate\\Database\\Eloquent\\Model->insertAndSetId()
#10 C:\\OpenServer\\domains\\laratest\\vendor\\laravel\\framework\\src\\Illuminate\\Database\\Eloquent\\Model.php(1128): Illuminate\\Database\\Eloquent\\Model->performInsert()
#11 C:\\OpenServer\\domains\\laratest\\vendor\\laravel\\framework\\src\\Illuminate\\Database\\Eloquent\\Factories\\Factory.php(330): Illuminate\\Database\\Eloquent\\Model->save()
#12 C:\\OpenServer\\domains\\laratest\\vendor\\laravel\\framework\\src\\Illuminate\\Collections\\Traits\\EnumeratesValues.php(236): Illuminate\\Database\\Eloquent\\Factories\\Factory->Illuminate\\Database\\Eloquent\\Factories\\{closure}()
#13 C:\\OpenServer\\domains\\laratest\\vendor\\laravel\\framework\\src\\Illuminate\\Database\\Eloquent\\Factories\\Factory.php(325): Illuminate\\Support\\Collection->each()
#14 C:\\OpenServer\\domains\\laratest\\vendor\\laravel\\framework\\src\\Illuminate\\Database\\Eloquent\\Factories\\Factory.php(279): Illuminate\\Database\\Eloquent\\Factories\\Factory->store()
#15 C:\\OpenServer\\domains\\laratest\\vendor\\laravel\\framework\\src\\Illuminate\\Database\\Eloquent\\Factories\\Factory.php(273): Illuminate\\Database\\Eloquent\\Factories\\Factory->create()
#16 C:\\OpenServer\\domains\\laratest\\database\\seeders\\DatabaseSeeder.php(26): Illuminate\\Database\\Eloquent\\Factories\\Factory->create()
#17 C:\\OpenServer\\domains\\laratest\\vendor\\laravel\\framework\\src\\Illuminate\\Container\\BoundMethod.php(36): Database\\Seeders\\DatabaseSeeder->run()
#18 C:\\OpenServer\\domains\\laratest\\vendor\\laravel\\framework\\src\\Illuminate\\Container\\Util.php(41): Illuminate\\Container\\BoundMethod::Illuminate\\Container\\{closure}()
#19 C:\\OpenServer\\domains\\laratest\\vendor\\laravel\\framework\\src\\Illuminate\\Container\\BoundMethod.php(93): Illuminate\\Container\\Util::unwrapIfClosure()
#20 C:\\OpenServer\\domains\\laratest\\vendor\\laravel\\framework\\src\\Illuminate\\Container\\BoundMethod.php(35): Illuminate\\Container\\BoundMethod::callBoundMethod()
#21 C:\\OpenServer\\domains\\laratest\\vendor\\laravel\\framework\\src\\Illuminate\\Container\\Container.php(663): Illuminate\\Container\\BoundMethod::call()
#22 C:\\OpenServer\\domains\\laratest\\vendor\\laravel\\framework\\src\\Illuminate\\Database\\Seeder.php(184): Illuminate\\Container\\Container->call()
#23 C:\\OpenServer\\domains\\laratest\\vendor\\laravel\\framework\\src\\Illuminate\\Database\\Seeder.php(193): Illuminate\\Database\\Seeder->Illuminate\\Database\\{closure}()
#24 C:\\OpenServer\\domains\\laratest\\vendor\\laravel\\framework\\src\\Illuminate\\Database\\Console\\Seeds\\SeedCommand.php(81): Illuminate\\Database\\Seeder->__invoke()
#25 C:\\OpenServer\\domains\\laratest\\vendor\\laravel\\framework\\src\\Illuminate\\Database\\Eloquent\\Concerns\\GuardsAttributes.php(155): Illuminate\\Database\\Console\\Seeds\\SeedCommand->Illuminate\\Database\\Console\\Seeds\\{closure}()
#26 C:\\OpenServer\\domains\\laratest\\vendor\\laravel\\framework\\src\\Illuminate\\Database\\Console\\Seeds\\SeedCommand.php(80): Illuminate\\Database\\Eloquent\\Model::unguarded()
#27 C:\\OpenServer\\domains\\laratest\\vendor\\laravel\\framework\\src\\Illuminate\\Container\\BoundMethod.php(36): Illuminate\\Database\\Console\\Seeds\\SeedCommand->handle()
#28 C:\\OpenServer\\domains\\laratest\\vendor\\laravel\\framework\\src\\Illuminate\\Container\\Util.php(41): Illuminate\\Container\\BoundMethod::Illuminate\\Container\\{closure}()
#29 C:\\OpenServer\\domains\\laratest\\vendor\\laravel\\framework\\src\\Illuminate\\Container\\BoundMethod.php(93): Illuminate\\Container\\Util::unwrapIfClosure()
#30 C:\\OpenServer\\domains\\laratest\\vendor\\laravel\\framework\\src\\Illuminate\\Container\\BoundMethod.php(35): Illuminate\\Container\\BoundMethod::callBoundMethod()
#31 C:\\OpenServer\\domains\\laratest\\vendor\\laravel\\framework\\src\\Illuminate\\Container\\Container.php(663): Illuminate\\Container\\BoundMethod::call()
#32 C:\\OpenServer\\domains\\laratest\\vendor\\laravel\\framework\\src\\Illuminate\\Console\\Command.php(182): Illuminate\\Container\\Container->call()
#33 C:\\OpenServer\\domains\\laratest\\vendor\\symfony\\console\\Command\\Command.php(291): Illuminate\\Console\\Command->execute()
#34 C:\\OpenServer\\domains\\laratest\\vendor\\laravel\\framework\\src\\Illuminate\\Console\\Command.php(151): Symfony\\Component\\Console\\Command\\Command->run()
#35 C:\\OpenServer\\domains\\laratest\\vendor\\symfony\\console\\Application.php(1014): Illuminate\\Console\\Command->run()
#36 C:\\OpenServer\\domains\\laratest\\vendor\\symfony\\console\\Application.php(301): Symfony\\Component\\Console\\Application->doRunCommand()
#37 C:\\OpenServer\\domains\\laratest\\vendor\\symfony\\console\\Application.php(171): Symfony\\Component\\Console\\Application->doRun()
#38 C:\\OpenServer\\domains\\laratest\\vendor\\laravel\\framework\\src\\Illuminate\\Console\\Application.php(102): Symfony\\Component\\Console\\Application->run()
#39 C:\\OpenServer\\domains\\laratest\\vendor\\laravel\\framework\\src\\Illuminate\\Foundation\\Console\\Kernel.php(155): Illuminate\\Console\\Application->run()
#40 C:\\OpenServer\\domains\\laratest\\artisan(35): Illuminate\\Foundation\\Console\\Kernel->handle()
#41 {main}
"} 
[2023-01-17 19:16:50] local.ERROR: SQLSTATE[HY000]: General error: 1364 Field 'desk_id' doesn't have a default value (SQL: insert into `desklists` (`name`, `updated_at`, `created_at`) values (80XAkGwQTf, 2023-01-17 19:16:50, 2023-01-17 19:16:50)) {"exception":"[object] (Illuminate\\Database\\QueryException(code: HY000): SQLSTATE[HY000]: General error: 1364 Field 'desk_id' doesn't have a default value (SQL: insert into `desklists` (`name`, `updated_at`, `created_at`) values (80XAkGwQTf, 2023-01-17 19:16:50, 2023-01-17 19:16:50)) at C:\\OpenServer\\domains\\laratest\\vendor\\laravel\\framework\\src\\Illuminate\\Database\\Connection.php:760)
[stacktrace]
#0 C:\\OpenServer\\domains\\laratest\\vendor\\laravel\\framework\\src\\Illuminate\\Database\\Connection.php(720): Illuminate\\Database\\Connection->runQueryCallback()
#1 C:\\OpenServer\\domains\\laratest\\vendor\\laravel\\framework\\src\\Illuminate\\Database\\Connection.php(534): Illuminate\\Database\\Connection->run()
#2 C:\\OpenServer\\domains\\laratest\\vendor\\laravel\\framework\\src\\Illuminate\\Database\\Connection.php(498): Illuminate\\Database\\Connection->statement()
#3 C:\\OpenServer\\domains\\laratest\\vendor\\laravel\\framework\\src\\Illuminate\\Database\\Query\\Processors\\Processor.php(32): Illuminate\\Database\\Connection->insert()
#4 C:\\OpenServer\\domains\\laratest\\vendor\\laravel\\framework\\src\\Illuminate\\Database\\Query\\Builder.php(3272): Illuminate\\Database\\Query\\Processors\\Processor->processInsertGetId()
#5 C:\\OpenServer\\domains\\laratest\\vendor\\laravel\\framework\\src\\Illuminate\\Database\\Eloquent\\Builder.php(1869): Illuminate\\Database\\Query\\Builder->insertGetId()
#6 C:\\OpenServer\\domains\\laratest\\vendor\\laravel\\framework\\src\\Illuminate\\Database\\Eloquent\\Model.php(1320): Illuminate\\Database\\Eloquent\\Builder->__call()
#7 C:\\OpenServer\\domains\\laratest\\vendor\\laravel\\framework\\src\\Illuminate\\Database\\Eloquent\\Model.php(1285): Illuminate\\Database\\Eloquent\\Model->insertAndSetId()
#8 C:\\OpenServer\\domains\\laratest\\vendor\\laravel\\framework\\src\\Illuminate\\Database\\Eloquent\\Model.php(1128): Illuminate\\Database\\Eloquent\\Model->performInsert()
#9 C:\\OpenServer\\domains\\laratest\\vendor\\laravel\\framework\\src\\Illuminate\\Database\\Eloquent\\Factories\\Factory.php(330): Illuminate\\Database\\Eloquent\\Model->save()
#10 C:\\OpenServer\\domains\\laratest\\vendor\\laravel\\framework\\src\\Illuminate\\Collections\\Traits\\EnumeratesValues.php(236): Illuminate\\Database\\Eloquent\\Factories\\Factory->Illuminate\\Database\\Eloquent\\Factories\\{closure}()
#11 C:\\OpenServer\\domains\\laratest\\vendor\\laravel\\framework\\src\\Illuminate\\Database\\Eloquent\\Factories\\Factory.php(325): Illuminate\\Support\\Collection->each()
#12 C:\\OpenServer\\domains\\laratest\\vendor\\laravel\\framework\\src\\Illuminate\\Database\\Eloquent\\Factories\\Factory.php(279): Illuminate\\Database\\Eloquent\\Factories\\Factory->store()
#13 C:\\OpenServer\\domains\\laratest\\vendor\\laravel\\framework\\src\\Illuminate\\Database\\Eloquent\\Factories\\Factory.php(273): Illuminate\\Database\\Eloquent\\Factories\\Factory->create()
#14 C:\\OpenServer\\domains\\laratest\\database\\seeders\\DatabaseSeeder.php(26): Illuminate\\Database\\Eloquent\\Factories\\Factory->create()
#15 C:\\OpenServer\\domains\\laratest\\vendor\\laravel\\framework\\src\\Illuminate\\Container\\BoundMethod.php(36): Database\\Seeders\\DatabaseSeeder->run()
#16 C:\\OpenServer\\domains\\laratest\\vendor\\laravel\\framework\\src\\Illuminate\\Container\\Util.php(41): Illuminate\\Container\\BoundMethod::Illuminate\\Container\\{closure}()
#17 C:\\OpenServer\\domains\\laratest\\vendor\\laravel\\framework\\src\\Illuminate\\Container\\BoundMethod.php(93): Illuminate\\Container\\Util::unwrapIfClosure()
#18 C:\\OpenServer\\domains\\laratest\\vendor\\laravel\\framework\\src\\Illuminate\\Container\\BoundMethod.php(35): Illuminate\\Container\\BoundMethod::callBoundMethod()
#19 C:\\OpenServer\\domains\\laratest\\vendor\\laravel\\framework\\src\\Illuminate\\Container\\Container.php(663): Illuminate\\Container\\BoundMethod::call()
#20 C:\\OpenServer\\domains\\laratest\\vendor\\laravel\\framework\\src\\Illuminate\\Database\\Seeder.php(184): Illuminate\\Container\\Container->call()
#21 C:\\OpenServer\\domains\\laratest\\vendor\\laravel\\framework\\src\\Illuminate\\Database\\Seeder.php(193): Illuminate\\Database\\Seeder->Illuminate\\Database\\{closure}()
#22 C:\\OpenServer\\domains\\laratest\\vendor\\laravel\\framework\\src\\Illuminate\\Database\\Console\\Seeds\\SeedCommand.php(81): Illuminate\\Database\\Seeder->__invoke()
#23 C:\\OpenServer\\domains\\laratest\\vendor\\laravel\\framework\\src\\Illuminate\\Database\\Eloquent\\Concerns\\GuardsAttributes.php(155): Illuminate\\Database\\Console\\Seeds\\SeedCommand->Illuminate\\Database\\Console\\Seeds\\{closure}()
#24 C:\\OpenServer\\domains\\laratest\\vendor\\laravel\\framework\\src\\Illuminate\\Database\\Console\\Seeds\\SeedCommand.php(80): Illuminate\\Database\\Eloquent\\Model::unguarded()
#25 C:\\OpenServer\\domains\\laratest\\vendor\\laravel\\framework\\src\\Illuminate\\Container\\BoundMethod.php(36): Illuminate\\Database\\Console\\Seeds\\SeedCommand->handle()
#26 C:\\OpenServer\\domains\\laratest\\vendor\\laravel\\framework\\src\\Illuminate\\Container\\Util.php(41): Illuminate\\Container\\BoundMethod::Illuminate\\Container\\{closure}()
#27 C:\\OpenServer\\domains\\laratest\\vendor\\laravel\\framework\\src\\Illuminate\\Container\\BoundMethod.php(93): Illuminate\\Container\\Util::unwrapIfClosure()
#28 C:\\OpenServer\\domains\\laratest\\vendor\\laravel\\framework\\src\\Illuminate\\Container\\BoundMethod.php(35): Illuminate\\Container\\BoundMethod::callBoundMethod()
#29 C:\\OpenServer\\domains\\laratest\\vendor\\laravel\\framework\\src\\Illuminate\\Container\\Container.php(663): Illuminate\\Container\\BoundMethod::call()
#30 C:\\OpenServer\\domains\\laratest\\vendor\\laravel\\framework\\src\\Illuminate\\Console\\Command.php(182): Illuminate\\Container\\Container->call()
#31 C:\\OpenServer\\domains\\laratest\\vendor\\symfony\\console\\Command\\Command.php(291): Illuminate\\Console\\Command->execute()
#32 C:\\OpenServer\\domains\\laratest\\vendor\\laravel\\framework\\src\\Illuminate\\Console\\Command.php(151): Symfony\\Component\\Console\\Command\\Command->run()
#33 C:\\OpenServer\\domains\\laratest\\vendor\\symfony\\console\\Application.php(1014): Illuminate\\Console\\Command->run()
#34 C:\\OpenServer\\domains\\laratest\\vendor\\symfony\\console\\Application.php(301): Symfony\\Component\\Console\\Application->doRunCommand()
#35 C:\\OpenServer\\domains\\laratest\\vendor\\symfony\\console\\Application.php(171): Symfony\\Component\\Console\\Application->doRun()
#36 C:\\OpenServer\\domains\\laratest\\vendor\\laravel\\framework\\src\\Illuminate\\Console\\Application.php(102): Symfony\\Component\\Console\\Application->run()
#37 C:\\OpenServer\\domains\\laratest\\vendor\\laravel\\framework\\src\\Illuminate\\Foundation\\Console\\Kernel.php(155): Illuminate\\Console\\Application->run()
#38 C:\\OpenServer\\domains\\laratest\\artisan(35): Illuminate\\Foundation\\Console\\Kernel->handle()
#39 {main}

[previous exception] [object] (PDOException(code: HY000): SQLSTATE[HY000]: General error: 1364 Field 'desk_id' doesn't have a default value at C:\\OpenServer\\domains\\laratest\\vendor\\laravel\\framework\\src\\Illuminate\\Database\\Connection.php:545)
[stacktrace]
#0 C:\\OpenServer\\domains\\laratest\\vendor\\laravel\\framework\\src\\Illuminate\\Database\\Connection.php(545): PDOStatement->execute()
#1 C:\\OpenServer\\domains\\laratest\\vendor\\laravel\\framework\\src\\Illuminate\\Database\\Connection.php(753): Illuminate\\Database\\Connection->Illuminate\\Database\\{closure}()
#2 C:\\OpenServer\\domains\\laratest\\vendor\\laravel\\framework\\src\\Illuminate\\Database\\Connection.php(720): Illuminate\\Database\\Connection->runQueryCallback()
#3 C:\\OpenServer\\domains\\laratest\\vendor\\laravel\\framework\\src\\Illuminate\\Database\\Connection.php(534): Illuminate\\Database\\Connection->run()
#4 C:\\OpenServer\\domains\\laratest\\vendor\\laravel\\framework\\src\\Illuminate\\Database\\Connection.php(498): Illuminate\\Database\\Connection->statement()
#5 C:\\OpenServer\\domains\\laratest\\vendor\\laravel\\framework\\src\\Illuminate\\Database\\Query\\Processors\\Processor.php(32): Illuminate\\Database\\Connection->insert()
#6 C:\\OpenServer\\domains\\laratest\\vendor\\laravel\\framework\\src\\Illuminate\\Database\\Query\\Builder.php(3272): Illuminate\\Database\\Query\\Processors\\Processor->processInsertGetId()
#7 C:\\OpenServer\\domains\\laratest\\vendor\\laravel\\framework\\src\\Illuminate\\Database\\Eloquent\\Builder.php(1869): Illuminate\\Database\\Query\\Builder->insertGetId()
#8 C:\\OpenServer\\domains\\laratest\\vendor\\laravel\\framework\\src\\Illuminate\\Database\\Eloquent\\Model.php(1320): Illuminate\\Database\\Eloquent\\Builder->__call()
#9 C:\\OpenServer\\domains\\laratest\\vendor\\laravel\\framework\\src\\Illuminate\\Database\\Eloquent\\Model.php(1285): Illuminate\\Database\\Eloquent\\Model->insertAndSetId()
#10 C:\\OpenServer\\domains\\laratest\\vendor\\laravel\\framework\\src\\Illuminate\\Database\\Eloquent\\Model.php(1128): Illuminate\\Database\\Eloquent\\Model->performInsert()
#11 C:\\OpenServer\\domains\\laratest\\vendor\\laravel\\framework\\src\\Illuminate\\Database\\Eloquent\\Factories\\Factory.php(330): Illuminate\\Database\\Eloquent\\Model->save()
#12 C:\\OpenServer\\domains\\laratest\\vendor\\laravel\\framework\\src\\Illuminate\\Collections\\Traits\\EnumeratesValues.php(236): Illuminate\\Database\\Eloquent\\Factories\\Factory->Illuminate\\Database\\Eloquent\\Factories\\{closure}()
#13 C:\\OpenServer\\domains\\laratest\\vendor\\laravel\\framework\\src\\Illuminate\\Database\\Eloquent\\Factories\\Factory.php(325): Illuminate\\Support\\Collection->each()
#14 C:\\OpenServer\\domains\\laratest\\vendor\\laravel\\framework\\src\\Illuminate\\Database\\Eloquent\\Factories\\Factory.php(279): Illuminate\\Database\\Eloquent\\Factories\\Factory->store()
#15 C:\\OpenServer\\domains\\laratest\\vendor\\laravel\\framework\\src\\Illuminate\\Database\\Eloquent\\Factories\\Factory.php(273): Illuminate\\Database\\Eloquent\\Factories\\Factory->create()
#16 C:\\OpenServer\\domains\\laratest\\database\\seeders\\DatabaseSeeder.php(26): Illuminate\\Database\\Eloquent\\Factories\\Factory->create()
#17 C:\\OpenServer\\domains\\laratest\\vendor\\laravel\\framework\\src\\Illuminate\\Container\\BoundMethod.php(36): Database\\Seeders\\DatabaseSeeder->run()
#18 C:\\OpenServer\\domains\\laratest\\vendor\\laravel\\framework\\src\\Illuminate\\Container\\Util.php(41): Illuminate\\Container\\BoundMethod::Illuminate\\Container\\{closure}()
#19 C:\\OpenServer\\domains\\laratest\\vendor\\laravel\\framework\\src\\Illuminate\\Container\\BoundMethod.php(93): Illuminate\\Container\\Util::unwrapIfClosure()
#20 C:\\OpenServer\\domains\\laratest\\vendor\\laravel\\framework\\src\\Illuminate\\Container\\BoundMethod.php(35): Illuminate\\Container\\BoundMethod::callBoundMethod()
#21 C:\\OpenServer\\domains\\laratest\\vendor\\laravel\\framework\\src\\Illuminate\\Container\\Container.php(663): Illuminate\\Container\\BoundMethod::call()
#22 C:\\OpenServer\\domains\\laratest\\vendor\\laravel\\framework\\src\\Illuminate\\Database\\Seeder.php(184): Illuminate\\Container\\Container->call()
#23 C:\\OpenServer\\domains\\laratest\\vendor\\laravel\\framework\\src\\Illuminate\\Database\\Seeder.php(193): Illuminate\\Database\\Seeder->Illuminate\\Database\\{closure}()
#24 C:\\OpenServer\\domains\\laratest\\vendor\\laravel\\framework\\src\\Illuminate\\Database\\Console\\Seeds\\SeedCommand.php(81): Illuminate\\Database\\Seeder->__invoke()
#25 C:\\OpenServer\\domains\\laratest\\vendor\\laravel\\framework\\src\\Illuminate\\Database\\Eloquent\\Concerns\\GuardsAttributes.php(155): Illuminate\\Database\\Console\\Seeds\\SeedCommand->Illuminate\\Database\\Console\\Seeds\\{closure}()
#26 C:\\OpenServer\\domains\\laratest\\vendor\\laravel\\framework\\src\\Illuminate\\Database\\Console\\Seeds\\SeedCommand.php(80): Illuminate\\Database\\Eloquent\\Model::unguarded()
#27 C:\\OpenServer\\domains\\laratest\\vendor\\laravel\\framework\\src\\Illuminate\\Container\\BoundMethod.php(36): Illuminate\\Database\\Console\\Seeds\\SeedCommand->handle()
#28 C:\\OpenServer\\domains\\laratest\\vendor\\laravel\\framework\\src\\Illuminate\\Container\\Util.php(41): Illuminate\\Container\\BoundMethod::Illuminate\\Container\\{closure}()
#29 C:\\OpenServer\\domains\\laratest\\vendor\\laravel\\framework\\src\\Illuminate\\Container\\BoundMethod.php(93): Illuminate\\Container\\Util::unwrapIfClosure()
#30 C:\\OpenServer\\domains\\laratest\\vendor\\laravel\\framework\\src\\Illuminate\\Container\\BoundMethod.php(35): Illuminate\\Container\\BoundMethod::callBoundMethod()
#31 C:\\OpenServer\\domains\\laratest\\vendor\\laravel\\framework\\src\\Illuminate\\Container\\Container.php(663): Illuminate\\Container\\BoundMethod::call()
#32 C:\\OpenServer\\domains\\laratest\\vendor\\laravel\\framework\\src\\Illuminate\\Console\\Command.php(182): Illuminate\\Container\\Container->call()
#33 C:\\OpenServer\\domains\\laratest\\vendor\\symfony\\console\\Command\\Command.php(291): Illuminate\\Console\\Command->execute()
#34 C:\\OpenServer\\domains\\laratest\\vendor\\laravel\\framework\\src\\Illuminate\\Console\\Command.php(151): Symfony\\Component\\Console\\Command\\Command->run()
#35 C:\\OpenServer\\domains\\laratest\\vendor\\symfony\\console\\Application.php(1014): Illuminate\\Console\\Command->run()
#36 C:\\OpenServer\\domains\\laratest\\vendor\\symfony\\console\\Application.php(301): Symfony\\Component\\Console\\Application->doRunCommand()
#37 C:\\OpenServer\\domains\\laratest\\vendor\\symfony\\console\\Application.php(171): Symfony\\Component\\Console\\Application->doRun()
#38 C:\\OpenServer\\domains\\laratest\\vendor\\laravel\\framework\\src\\Illuminate\\Console\\Application.php(102): Symfony\\Component\\Console\\Application->run()
#39 C:\\OpenServer\\domains\\laratest\\vendor\\laravel\\framework\\src\\Illuminate\\Foundation\\Console\\Kernel.php(155): Illuminate\\Console\\Application->run()
#40 C:\\OpenServer\\domains\\laratest\\artisan(35): Illuminate\\Foundation\\Console\\Kernel->handle()
#41 {main}
"} 
[2023-01-17 19:23:01] local.ERROR: SQLSTATE[42S22]: Column not found: 1054 Unknown column 'desk_id' in 'field list' (SQL: insert into `cards` (`name`, `desk_id`, `updated_at`, `created_at`) values (95aDgivRo8, 2, 2023-01-17 19:23:00, 2023-01-17 19:23:00)) {"exception":"[object] (Illuminate\\Database\\QueryException(code: 42S22): SQLSTATE[42S22]: Column not found: 1054 Unknown column 'desk_id' in 'field list' (SQL: insert into `cards` (`name`, `desk_id`, `updated_at`, `created_at`) values (95aDgivRo8, 2, 2023-01-17 19:23:00, 2023-01-17 19:23:00)) at C:\\OpenServer\\domains\\laratest\\vendor\\laravel\\framework\\src\\Illuminate\\Database\\Connection.php:760)
[stacktrace]
#0 C:\\OpenServer\\domains\\laratest\\vendor\\laravel\\framework\\src\\Illuminate\\Database\\Connection.php(720): Illuminate\\Database\\Connection->runQueryCallback()
#1 C:\\OpenServer\\domains\\laratest\\vendor\\laravel\\framework\\src\\Illuminate\\Database\\Connection.php(534): Illuminate\\Database\\Connection->run()
#2 C:\\OpenServer\\domains\\laratest\\vendor\\laravel\\framework\\src\\Illuminate\\Database\\Connection.php(498): Illuminate\\Database\\Connection->statement()
#3 C:\\OpenServer\\domains\\laratest\\vendor\\laravel\\framework\\src\\Illuminate\\Database\\Query\\Processors\\Processor.php(32): Illuminate\\Database\\Connection->insert()
#4 C:\\OpenServer\\domains\\laratest\\vendor\\laravel\\framework\\src\\Illuminate\\Database\\Query\\Builder.php(3272): Illuminate\\Database\\Query\\Processors\\Processor->processInsertGetId()
#5 C:\\OpenServer\\domains\\laratest\\vendor\\laravel\\framework\\src\\Illuminate\\Database\\Eloquent\\Builder.php(1869): Illuminate\\Database\\Query\\Builder->insertGetId()
#6 C:\\OpenServer\\domains\\laratest\\vendor\\laravel\\framework\\src\\Illuminate\\Database\\Eloquent\\Model.php(1320): Illuminate\\Database\\Eloquent\\Builder->__call()
#7 C:\\OpenServer\\domains\\laratest\\vendor\\laravel\\framework\\src\\Illuminate\\Database\\Eloquent\\Model.php(1285): Illuminate\\Database\\Eloquent\\Model->insertAndSetId()
#8 C:\\OpenServer\\domains\\laratest\\vendor\\laravel\\framework\\src\\Illuminate\\Database\\Eloquent\\Model.php(1128): Illuminate\\Database\\Eloquent\\Model->performInsert()
#9 C:\\OpenServer\\domains\\laratest\\vendor\\laravel\\framework\\src\\Illuminate\\Database\\Eloquent\\Factories\\Factory.php(330): Illuminate\\Database\\Eloquent\\Model->save()
#10 C:\\OpenServer\\domains\\laratest\\vendor\\laravel\\framework\\src\\Illuminate\\Collections\\Traits\\EnumeratesValues.php(236): Illuminate\\Database\\Eloquent\\Factories\\Factory->Illuminate\\Database\\Eloquent\\Factories\\{closure}()
#11 C:\\OpenServer\\domains\\laratest\\vendor\\laravel\\framework\\src\\Illuminate\\Database\\Eloquent\\Factories\\Factory.php(325): Illuminate\\Support\\Collection->each()
#12 C:\\OpenServer\\domains\\laratest\\vendor\\laravel\\framework\\src\\Illuminate\\Database\\Eloquent\\Factories\\Factory.php(279): Illuminate\\Database\\Eloquent\\Factories\\Factory->store()
#13 C:\\OpenServer\\domains\\laratest\\vendor\\laravel\\framework\\src\\Illuminate\\Database\\Eloquent\\Factories\\Factory.php(273): Illuminate\\Database\\Eloquent\\Factories\\Factory->create()
#14 C:\\OpenServer\\domains\\laratest\\database\\seeders\\DatabaseSeeder.php(31): Illuminate\\Database\\Eloquent\\Factories\\Factory->create()
#15 C:\\OpenServer\\domains\\laratest\\vendor\\laravel\\framework\\src\\Illuminate\\Container\\BoundMethod.php(36): Database\\Seeders\\DatabaseSeeder->run()
#16 C:\\OpenServer\\domains\\laratest\\vendor\\laravel\\framework\\src\\Illuminate\\Container\\Util.php(41): Illuminate\\Container\\BoundMethod::Illuminate\\Container\\{closure}()
#17 C:\\OpenServer\\domains\\laratest\\vendor\\laravel\\framework\\src\\Illuminate\\Container\\BoundMethod.php(93): Illuminate\\Container\\Util::unwrapIfClosure()
#18 C:\\OpenServer\\domains\\laratest\\vendor\\laravel\\framework\\src\\Illuminate\\Container\\BoundMethod.php(35): Illuminate\\Container\\BoundMethod::callBoundMethod()
#19 C:\\OpenServer\\domains\\laratest\\vendor\\laravel\\framework\\src\\Illuminate\\Container\\Container.php(663): Illuminate\\Container\\BoundMethod::call()
#20 C:\\OpenServer\\domains\\laratest\\vendor\\laravel\\framework\\src\\Illuminate\\Database\\Seeder.php(184): Illuminate\\Container\\Container->call()
#21 C:\\OpenServer\\domains\\laratest\\vendor\\laravel\\framework\\src\\Illuminate\\Database\\Seeder.php(193): Illuminate\\Database\\Seeder->Illuminate\\Database\\{closure}()
#22 C:\\OpenServer\\domains\\laratest\\vendor\\laravel\\framework\\src\\Illuminate\\Database\\Console\\Seeds\\SeedCommand.php(81): Illuminate\\Database\\Seeder->__invoke()
#23 C:\\OpenServer\\domains\\laratest\\vendor\\laravel\\framework\\src\\Illuminate\\Database\\Eloquent\\Concerns\\GuardsAttributes.php(155): Illuminate\\Database\\Console\\Seeds\\SeedCommand->Illuminate\\Database\\Console\\Seeds\\{closure}()
#24 C:\\OpenServer\\domains\\laratest\\vendor\\laravel\\framework\\src\\Illuminate\\Database\\Console\\Seeds\\SeedCommand.php(80): Illuminate\\Database\\Eloquent\\Model::unguarded()
#25 C:\\OpenServer\\domains\\laratest\\vendor\\laravel\\framework\\src\\Illuminate\\Container\\BoundMethod.php(36): Illuminate\\Database\\Console\\Seeds\\SeedCommand->handle()
#26 C:\\OpenServer\\domains\\laratest\\vendor\\laravel\\framework\\src\\Illuminate\\Container\\Util.php(41): Illuminate\\Container\\BoundMethod::Illuminate\\Container\\{closure}()
#27 C:\\OpenServer\\domains\\laratest\\vendor\\laravel\\framework\\src\\Illuminate\\Container\\BoundMethod.php(93): Illuminate\\Container\\Util::unwrapIfClosure()
#28 C:\\OpenServer\\domains\\laratest\\vendor\\laravel\\framework\\src\\Illuminate\\Container\\BoundMethod.php(35): Illuminate\\Container\\BoundMethod::callBoundMethod()
#29 C:\\OpenServer\\domains\\laratest\\vendor\\laravel\\framework\\src\\Illuminate\\Container\\Container.php(663): Illuminate\\Container\\BoundMethod::call()
#30 C:\\OpenServer\\domains\\laratest\\vendor\\laravel\\framework\\src\\Illuminate\\Console\\Command.php(182): Illuminate\\Container\\Container->call()
#31 C:\\OpenServer\\domains\\laratest\\vendor\\symfony\\console\\Command\\Command.php(291): Illuminate\\Console\\Command->execute()
#32 C:\\OpenServer\\domains\\laratest\\vendor\\laravel\\framework\\src\\Illuminate\\Console\\Command.php(151): Symfony\\Component\\Console\\Command\\Command->run()
#33 C:\\OpenServer\\domains\\laratest\\vendor\\symfony\\console\\Application.php(1014): Illuminate\\Console\\Command->run()
#34 C:\\OpenServer\\domains\\laratest\\vendor\\symfony\\console\\Application.php(301): Symfony\\Component\\Console\\Application->doRunCommand()
#35 C:\\OpenServer\\domains\\laratest\\vendor\\symfony\\console\\Application.php(171): Symfony\\Component\\Console\\Application->doRun()
#36 C:\\OpenServer\\domains\\laratest\\vendor\\laravel\\framework\\src\\Illuminate\\Console\\Application.php(102): Symfony\\Component\\Console\\Application->run()
#37 C:\\OpenServer\\domains\\laratest\\vendor\\laravel\\framework\\src\\Illuminate\\Foundation\\Console\\Kernel.php(155): Illuminate\\Console\\Application->run()
#38 C:\\OpenServer\\domains\\laratest\\artisan(35): Illuminate\\Foundation\\Console\\Kernel->handle()
#39 {main}

[previous exception] [object] (PDOException(code: 42S22): SQLSTATE[42S22]: Column not found: 1054 Unknown column 'desk_id' in 'field list' at C:\\OpenServer\\domains\\laratest\\vendor\\laravel\\framework\\src\\Illuminate\\Database\\Connection.php:539)
[stacktrace]
#0 C:\\OpenServer\\domains\\laratest\\vendor\\laravel\\framework\\src\\Illuminate\\Database\\Connection.php(539): PDO->prepare()
#1 C:\\OpenServer\\domains\\laratest\\vendor\\laravel\\framework\\src\\Illuminate\\Database\\Connection.php(753): Illuminate\\Database\\Connection->Illuminate\\Database\\{closure}()
#2 C:\\OpenServer\\domains\\laratest\\vendor\\laravel\\framework\\src\\Illuminate\\Database\\Connection.php(720): Illuminate\\Database\\Connection->runQueryCallback()
#3 C:\\OpenServer\\domains\\laratest\\vendor\\laravel\\framework\\src\\Illuminate\\Database\\Connection.php(534): Illuminate\\Database\\Connection->run()
#4 C:\\OpenServer\\domains\\laratest\\vendor\\laravel\\framework\\src\\Illuminate\\Database\\Connection.php(498): Illuminate\\Database\\Connection->statement()
#5 C:\\OpenServer\\domains\\laratest\\vendor\\laravel\\framework\\src\\Illuminate\\Database\\Query\\Processors\\Processor.php(32): Illuminate\\Database\\Connection->insert()
#6 C:\\OpenServer\\domains\\laratest\\vendor\\laravel\\framework\\src\\Illuminate\\Database\\Query\\Builder.php(3272): Illuminate\\Database\\Query\\Processors\\Processor->processInsertGetId()
#7 C:\\OpenServer\\domains\\laratest\\vendor\\laravel\\framework\\src\\Illuminate\\Database\\Eloquent\\Builder.php(1869): Illuminate\\Database\\Query\\Builder->insertGetId()
#8 C:\\OpenServer\\domains\\laratest\\vendor\\laravel\\framework\\src\\Illuminate\\Database\\Eloquent\\Model.php(1320): Illuminate\\Database\\Eloquent\\Builder->__call()
#9 C:\\OpenServer\\domains\\laratest\\vendor\\laravel\\framework\\src\\Illuminate\\Database\\Eloquent\\Model.php(1285): Illuminate\\Database\\Eloquent\\Model->insertAndSetId()
#10 C:\\OpenServer\\domains\\laratest\\vendor\\laravel\\framework\\src\\Illuminate\\Database\\Eloquent\\Model.php(1128): Illuminate\\Database\\Eloquent\\Model->performInsert()
#11 C:\\OpenServer\\domains\\laratest\\vendor\\laravel\\framework\\src\\Illuminate\\Database\\Eloquent\\Factories\\Factory.php(330): Illuminate\\Database\\Eloquent\\Model->save()
#12 C:\\OpenServer\\domains\\laratest\\vendor\\laravel\\framework\\src\\Illuminate\\Collections\\Traits\\EnumeratesValues.php(236): Illuminate\\Database\\Eloquent\\Factories\\Factory->Illuminate\\Database\\Eloquent\\Factories\\{closure}()
#13 C:\\OpenServer\\domains\\laratest\\vendor\\laravel\\framework\\src\\Illuminate\\Database\\Eloquent\\Factories\\Factory.php(325): Illuminate\\Support\\Collection->each()
#14 C:\\OpenServer\\domains\\laratest\\vendor\\laravel\\framework\\src\\Illuminate\\Database\\Eloquent\\Factories\\Factory.php(279): Illuminate\\Database\\Eloquent\\Factories\\Factory->store()
#15 C:\\OpenServer\\domains\\laratest\\vendor\\laravel\\framework\\src\\Illuminate\\Database\\Eloquent\\Factories\\Factory.php(273): Illuminate\\Database\\Eloquent\\Factories\\Factory->create()
#16 C:\\OpenServer\\domains\\laratest\\database\\seeders\\DatabaseSeeder.php(31): Illuminate\\Database\\Eloquent\\Factories\\Factory->create()
#17 C:\\OpenServer\\domains\\laratest\\vendor\\laravel\\framework\\src\\Illuminate\\Container\\BoundMethod.php(36): Database\\Seeders\\DatabaseSeeder->run()
#18 C:\\OpenServer\\domains\\laratest\\vendor\\laravel\\framework\\src\\Illuminate\\Container\\Util.php(41): Illuminate\\Container\\BoundMethod::Illuminate\\Container\\{closure}()
#19 C:\\OpenServer\\domains\\laratest\\vendor\\laravel\\framework\\src\\Illuminate\\Container\\BoundMethod.php(93): Illuminate\\Container\\Util::unwrapIfClosure()
#20 C:\\OpenServer\\domains\\laratest\\vendor\\laravel\\framework\\src\\Illuminate\\Container\\BoundMethod.php(35): Illuminate\\Container\\BoundMethod::callBoundMethod()
#21 C:\\OpenServer\\domains\\laratest\\vendor\\laravel\\framework\\src\\Illuminate\\Container\\Container.php(663): Illuminate\\Container\\BoundMethod::call()
#22 C:\\OpenServer\\domains\\laratest\\vendor\\laravel\\framework\\src\\Illuminate\\Database\\Seeder.php(184): Illuminate\\Container\\Container->call()
#23 C:\\OpenServer\\domains\\laratest\\vendor\\laravel\\framework\\src\\Illuminate\\Database\\Seeder.php(193): Illuminate\\Database\\Seeder->Illuminate\\Database\\{closure}()
#24 C:\\OpenServer\\domains\\laratest\\vendor\\laravel\\framework\\src\\Illuminate\\Database\\Console\\Seeds\\SeedCommand.php(81): Illuminate\\Database\\Seeder->__invoke()
#25 C:\\OpenServer\\domains\\laratest\\vendor\\laravel\\framework\\src\\Illuminate\\Database\\Eloquent\\Concerns\\GuardsAttributes.php(155): Illuminate\\Database\\Console\\Seeds\\SeedCommand->Illuminate\\Database\\Console\\Seeds\\{closure}()
#26 C:\\OpenServer\\domains\\laratest\\vendor\\laravel\\framework\\src\\Illuminate\\Database\\Console\\Seeds\\SeedCommand.php(80): Illuminate\\Database\\Eloquent\\Model::unguarded()
#27 C:\\OpenServer\\domains\\laratest\\vendor\\laravel\\framework\\src\\Illuminate\\Container\\BoundMethod.php(36): Illuminate\\Database\\Console\\Seeds\\SeedCommand->handle()
#28 C:\\OpenServer\\domains\\laratest\\vendor\\laravel\\framework\\src\\Illuminate\\Container\\Util.php(41): Illuminate\\Container\\BoundMethod::Illuminate\\Container\\{closure}()
#29 C:\\OpenServer\\domains\\laratest\\vendor\\laravel\\framework\\src\\Illuminate\\Container\\BoundMethod.php(93): Illuminate\\Container\\Util::unwrapIfClosure()
#30 C:\\OpenServer\\domains\\laratest\\vendor\\laravel\\framework\\src\\Illuminate\\Container\\BoundMethod.php(35): Illuminate\\Container\\BoundMethod::callBoundMethod()
#31 C:\\OpenServer\\domains\\laratest\\vendor\\laravel\\framework\\src\\Illuminate\\Container\\Container.php(663): Illuminate\\Container\\BoundMethod::call()
#32 C:\\OpenServer\\domains\\laratest\\vendor\\laravel\\framework\\src\\Illuminate\\Console\\Command.php(182): Illuminate\\Container\\Container->call()
#33 C:\\OpenServer\\domains\\laratest\\vendor\\symfony\\console\\Command\\Command.php(291): Illuminate\\Console\\Command->execute()
#34 C:\\OpenServer\\domains\\laratest\\vendor\\laravel\\framework\\src\\Illuminate\\Console\\Command.php(151): Symfony\\Component\\Console\\Command\\Command->run()
#35 C:\\OpenServer\\domains\\laratest\\vendor\\symfony\\console\\Application.php(1014): Illuminate\\Console\\Command->run()
#36 C:\\OpenServer\\domains\\laratest\\vendor\\symfony\\console\\Application.php(301): Symfony\\Component\\Console\\Application->doRunCommand()
#37 C:\\OpenServer\\domains\\laratest\\vendor\\symfony\\console\\Application.php(171): Symfony\\Component\\Console\\Application->doRun()
#38 C:\\OpenServer\\domains\\laratest\\vendor\\laravel\\framework\\src\\Illuminate\\Console\\Application.php(102): Symfony\\Component\\Console\\Application->run()
#39 C:\\OpenServer\\domains\\laratest\\vendor\\laravel\\framework\\src\\Illuminate\\Foundation\\Console\\Kernel.php(155): Illuminate\\Console\\Application->run()
#40 C:\\OpenServer\\domains\\laratest\\artisan(35): Illuminate\\Foundation\\Console\\Kernel->handle()
#41 {main}
"} 
[2023-01-17 19:23:28] local.ERROR: SQLSTATE[23000]: Integrity constraint violation: 1452 Cannot add or update a child row: a foreign key constraint fails (`pvp31`.`tasks`, CONSTRAINT `tasks_card_id_foreign` FOREIGN KEY (`card_id`) REFERENCES `cards` (`id`)) (SQL: insert into `tasks` (`name`, `card_id`, `updated_at`, `created_at`) values (TPn4KpjVSM, 2, 2023-01-17 19:23:28, 2023-01-17 19:23:28)) {"exception":"[object] (Illuminate\\Database\\QueryException(code: 23000): SQLSTATE[23000]: Integrity constraint violation: 1452 Cannot add or update a child row: a foreign key constraint fails (`pvp31`.`tasks`, CONSTRAINT `tasks_card_id_foreign` FOREIGN KEY (`card_id`) REFERENCES `cards` (`id`)) (SQL: insert into `tasks` (`name`, `card_id`, `updated_at`, `created_at`) values (TPn4KpjVSM, 2, 2023-01-17 19:23:28, 2023-01-17 19:23:28)) at C:\\OpenServer\\domains\\laratest\\vendor\\laravel\\framework\\src\\Illuminate\\Database\\Connection.php:760)
[stacktrace]
#0 C:\\OpenServer\\domains\\laratest\\vendor\\laravel\\framework\\src\\Illuminate\\Database\\Connection.php(720): Illuminate\\Database\\Connection->runQueryCallback()
#1 C:\\OpenServer\\domains\\laratest\\vendor\\laravel\\framework\\src\\Illuminate\\Database\\Connection.php(534): Illuminate\\Database\\Connection->run()
#2 C:\\OpenServer\\domains\\laratest\\vendor\\laravel\\framework\\src\\Illuminate\\Database\\Connection.php(498): Illuminate\\Database\\Connection->statement()
#3 C:\\OpenServer\\domains\\laratest\\vendor\\laravel\\framework\\src\\Illuminate\\Database\\Query\\Processors\\Processor.php(32): Illuminate\\Database\\Connection->insert()
#4 C:\\OpenServer\\domains\\laratest\\vendor\\laravel\\framework\\src\\Illuminate\\Database\\Query\\Builder.php(3272): Illuminate\\Database\\Query\\Processors\\Processor->processInsertGetId()
#5 C:\\OpenServer\\domains\\laratest\\vendor\\laravel\\framework\\src\\Illuminate\\Database\\Eloquent\\Builder.php(1869): Illuminate\\Database\\Query\\Builder->insertGetId()
#6 C:\\OpenServer\\domains\\laratest\\vendor\\laravel\\framework\\src\\Illuminate\\Database\\Eloquent\\Model.php(1320): Illuminate\\Database\\Eloquent\\Builder->__call()
#7 C:\\OpenServer\\domains\\laratest\\vendor\\laravel\\framework\\src\\Illuminate\\Database\\Eloquent\\Model.php(1285): Illuminate\\Database\\Eloquent\\Model->insertAndSetId()
#8 C:\\OpenServer\\domains\\laratest\\vendor\\laravel\\framework\\src\\Illuminate\\Database\\Eloquent\\Model.php(1128): Illuminate\\Database\\Eloquent\\Model->performInsert()
#9 C:\\OpenServer\\domains\\laratest\\vendor\\laravel\\framework\\src\\Illuminate\\Database\\Eloquent\\Factories\\Factory.php(330): Illuminate\\Database\\Eloquent\\Model->save()
#10 C:\\OpenServer\\domains\\laratest\\vendor\\laravel\\framework\\src\\Illuminate\\Collections\\Traits\\EnumeratesValues.php(236): Illuminate\\Database\\Eloquent\\Factories\\Factory->Illuminate\\Database\\Eloquent\\Factories\\{closure}()
#11 C:\\OpenServer\\domains\\laratest\\vendor\\laravel\\framework\\src\\Illuminate\\Database\\Eloquent\\Factories\\Factory.php(325): Illuminate\\Support\\Collection->each()
#12 C:\\OpenServer\\domains\\laratest\\vendor\\laravel\\framework\\src\\Illuminate\\Database\\Eloquent\\Factories\\Factory.php(279): Illuminate\\Database\\Eloquent\\Factories\\Factory->store()
#13 C:\\OpenServer\\domains\\laratest\\vendor\\laravel\\framework\\src\\Illuminate\\Database\\Eloquent\\Factories\\Factory.php(273): Illuminate\\Database\\Eloquent\\Factories\\Factory->create()
#14 C:\\OpenServer\\domains\\laratest\\database\\seeders\\DatabaseSeeder.php(36): Illuminate\\Database\\Eloquent\\Factories\\Factory->create()
#15 C:\\OpenServer\\domains\\laratest\\vendor\\laravel\\framework\\src\\Illuminate\\Container\\BoundMethod.php(36): Database\\Seeders\\DatabaseSeeder->run()
#16 C:\\OpenServer\\domains\\laratest\\vendor\\laravel\\framework\\src\\Illuminate\\Container\\Util.php(41): Illuminate\\Container\\BoundMethod::Illuminate\\Container\\{closure}()
#17 C:\\OpenServer\\domains\\laratest\\vendor\\laravel\\framework\\src\\Illuminate\\Container\\BoundMethod.php(93): Illuminate\\Container\\Util::unwrapIfClosure()
#18 C:\\OpenServer\\domains\\laratest\\vendor\\laravel\\framework\\src\\Illuminate\\Container\\BoundMethod.php(35): Illuminate\\Container\\BoundMethod::callBoundMethod()
#19 C:\\OpenServer\\domains\\laratest\\vendor\\laravel\\framework\\src\\Illuminate\\Container\\Container.php(663): Illuminate\\Container\\BoundMethod::call()
#20 C:\\OpenServer\\domains\\laratest\\vendor\\laravel\\framework\\src\\Illuminate\\Database\\Seeder.php(184): Illuminate\\Container\\Container->call()
#21 C:\\OpenServer\\domains\\laratest\\vendor\\laravel\\framework\\src\\Illuminate\\Database\\Seeder.php(193): Illuminate\\Database\\Seeder->Illuminate\\Database\\{closure}()
#22 C:\\OpenServer\\domains\\laratest\\vendor\\laravel\\framework\\src\\Illuminate\\Database\\Console\\Seeds\\SeedCommand.php(81): Illuminate\\Database\\Seeder->__invoke()
#23 C:\\OpenServer\\domains\\laratest\\vendor\\laravel\\framework\\src\\Illuminate\\Database\\Eloquent\\Concerns\\GuardsAttributes.php(155): Illuminate\\Database\\Console\\Seeds\\SeedCommand->Illuminate\\Database\\Console\\Seeds\\{closure}()
#24 C:\\OpenServer\\domains\\laratest\\vendor\\laravel\\framework\\src\\Illuminate\\Database\\Console\\Seeds\\SeedCommand.php(80): Illuminate\\Database\\Eloquent\\Model::unguarded()
#25 C:\\OpenServer\\domains\\laratest\\vendor\\laravel\\framework\\src\\Illuminate\\Container\\BoundMethod.php(36): Illuminate\\Database\\Console\\Seeds\\SeedCommand->handle()
#26 C:\\OpenServer\\domains\\laratest\\vendor\\laravel\\framework\\src\\Illuminate\\Container\\Util.php(41): Illuminate\\Container\\BoundMethod::Illuminate\\Container\\{closure}()
#27 C:\\OpenServer\\domains\\laratest\\vendor\\laravel\\framework\\src\\Illuminate\\Container\\BoundMethod.php(93): Illuminate\\Container\\Util::unwrapIfClosure()
#28 C:\\OpenServer\\domains\\laratest\\vendor\\laravel\\framework\\src\\Illuminate\\Container\\BoundMethod.php(35): Illuminate\\Container\\BoundMethod::callBoundMethod()
#29 C:\\OpenServer\\domains\\laratest\\vendor\\laravel\\framework\\src\\Illuminate\\Container\\Container.php(663): Illuminate\\Container\\BoundMethod::call()
#30 C:\\OpenServer\\domains\\laratest\\vendor\\laravel\\framework\\src\\Illuminate\\Console\\Command.php(182): Illuminate\\Container\\Container->call()
#31 C:\\OpenServer\\domains\\laratest\\vendor\\symfony\\console\\Command\\Command.php(291): Illuminate\\Console\\Command->execute()
#32 C:\\OpenServer\\domains\\laratest\\vendor\\laravel\\framework\\src\\Illuminate\\Console\\Command.php(151): Symfony\\Component\\Console\\Command\\Command->run()
#33 C:\\OpenServer\\domains\\laratest\\vendor\\symfony\\console\\Application.php(1014): Illuminate\\Console\\Command->run()
#34 C:\\OpenServer\\domains\\laratest\\vendor\\symfony\\console\\Application.php(301): Symfony\\Component\\Console\\Application->doRunCommand()
#35 C:\\OpenServer\\domains\\laratest\\vendor\\symfony\\console\\Application.php(171): Symfony\\Component\\Console\\Application->doRun()
#36 C:\\OpenServer\\domains\\laratest\\vendor\\laravel\\framework\\src\\Illuminate\\Console\\Application.php(102): Symfony\\Component\\Console\\Application->run()
#37 C:\\OpenServer\\domains\\laratest\\vendor\\laravel\\framework\\src\\Illuminate\\Foundation\\Console\\Kernel.php(155): Illuminate\\Console\\Application->run()
#38 C:\\OpenServer\\domains\\laratest\\artisan(35): Illuminate\\Foundation\\Console\\Kernel->handle()
#39 {main}

[previous exception] [object] (PDOException(code: 23000): SQLSTATE[23000]: Integrity constraint violation: 1452 Cannot add or update a child row: a foreign key constraint fails (`pvp31`.`tasks`, CONSTRAINT `tasks_card_id_foreign` FOREIGN KEY (`card_id`) REFERENCES `cards` (`id`)) at C:\\OpenServer\\domains\\laratest\\vendor\\laravel\\framework\\src\\Illuminate\\Database\\Connection.php:545)
[stacktrace]
#0 C:\\OpenServer\\domains\\laratest\\vendor\\laravel\\framework\\src\\Illuminate\\Database\\Connection.php(545): PDOStatement->execute()
#1 C:\\OpenServer\\domains\\laratest\\vendor\\laravel\\framework\\src\\Illuminate\\Database\\Connection.php(753): Illuminate\\Database\\Connection->Illuminate\\Database\\{closure}()
#2 C:\\OpenServer\\domains\\laratest\\vendor\\laravel\\framework\\src\\Illuminate\\Database\\Connection.php(720): Illuminate\\Database\\Connection->runQueryCallback()
#3 C:\\OpenServer\\domains\\laratest\\vendor\\laravel\\framework\\src\\Illuminate\\Database\\Connection.php(534): Illuminate\\Database\\Connection->run()
#4 C:\\OpenServer\\domains\\laratest\\vendor\\laravel\\framework\\src\\Illuminate\\Database\\Connection.php(498): Illuminate\\Database\\Connection->statement()
#5 C:\\OpenServer\\domains\\laratest\\vendor\\laravel\\framework\\src\\Illuminate\\Database\\Query\\Processors\\Processor.php(32): Illuminate\\Database\\Connection->insert()
#6 C:\\OpenServer\\domains\\laratest\\vendor\\laravel\\framework\\src\\Illuminate\\Database\\Query\\Builder.php(3272): Illuminate\\Database\\Query\\Processors\\Processor->processInsertGetId()
#7 C:\\OpenServer\\domains\\laratest\\vendor\\laravel\\framework\\src\\Illuminate\\Database\\Eloquent\\Builder.php(1869): Illuminate\\Database\\Query\\Builder->insertGetId()
#8 C:\\OpenServer\\domains\\laratest\\vendor\\laravel\\framework\\src\\Illuminate\\Database\\Eloquent\\Model.php(1320): Illuminate\\Database\\Eloquent\\Builder->__call()
#9 C:\\OpenServer\\domains\\laratest\\vendor\\laravel\\framework\\src\\Illuminate\\Database\\Eloquent\\Model.php(1285): Illuminate\\Database\\Eloquent\\Model->insertAndSetId()
#10 C:\\OpenServer\\domains\\laratest\\vendor\\laravel\\framework\\src\\Illuminate\\Database\\Eloquent\\Model.php(1128): Illuminate\\Database\\Eloquent\\Model->performInsert()
#11 C:\\OpenServer\\domains\\laratest\\vendor\\laravel\\framework\\src\\Illuminate\\Database\\Eloquent\\Factories\\Factory.php(330): Illuminate\\Database\\Eloquent\\Model->save()
#12 C:\\OpenServer\\domains\\laratest\\vendor\\laravel\\framework\\src\\Illuminate\\Collections\\Traits\\EnumeratesValues.php(236): Illuminate\\Database\\Eloquent\\Factories\\Factory->Illuminate\\Database\\Eloquent\\Factories\\{closure}()
#13 C:\\OpenServer\\domains\\laratest\\vendor\\laravel\\framework\\src\\Illuminate\\Database\\Eloquent\\Factories\\Factory.php(325): Illuminate\\Support\\Collection->each()
#14 C:\\OpenServer\\domains\\laratest\\vendor\\laravel\\framework\\src\\Illuminate\\Database\\Eloquent\\Factories\\Factory.php(279): Illuminate\\Database\\Eloquent\\Factories\\Factory->store()
#15 C:\\OpenServer\\domains\\laratest\\vendor\\laravel\\framework\\src\\Illuminate\\Database\\Eloquent\\Factories\\Factory.php(273): Illuminate\\Database\\Eloquent\\Factories\\Factory->create()
#16 C:\\OpenServer\\domains\\laratest\\database\\seeders\\DatabaseSeeder.php(36): Illuminate\\Database\\Eloquent\\Factories\\Factory->create()
#17 C:\\OpenServer\\domains\\laratest\\vendor\\laravel\\framework\\src\\Illuminate\\Container\\BoundMethod.php(36): Database\\Seeders\\DatabaseSeeder->run()
#18 C:\\OpenServer\\domains\\laratest\\vendor\\laravel\\framework\\src\\Illuminate\\Container\\Util.php(41): Illuminate\\Container\\BoundMethod::Illuminate\\Container\\{closure}()
#19 C:\\OpenServer\\domains\\laratest\\vendor\\laravel\\framework\\src\\Illuminate\\Container\\BoundMethod.php(93): Illuminate\\Container\\Util::unwrapIfClosure()
#20 C:\\OpenServer\\domains\\laratest\\vendor\\laravel\\framework\\src\\Illuminate\\Container\\BoundMethod.php(35): Illuminate\\Container\\BoundMethod::callBoundMethod()
#21 C:\\OpenServer\\domains\\laratest\\vendor\\laravel\\framework\\src\\Illuminate\\Container\\Container.php(663): Illuminate\\Container\\BoundMethod::call()
#22 C:\\OpenServer\\domains\\laratest\\vendor\\laravel\\framework\\src\\Illuminate\\Database\\Seeder.php(184): Illuminate\\Container\\Container->call()
#23 C:\\OpenServer\\domains\\laratest\\vendor\\laravel\\framework\\src\\Illuminate\\Database\\Seeder.php(193): Illuminate\\Database\\Seeder->Illuminate\\Database\\{closure}()
#24 C:\\OpenServer\\domains\\laratest\\vendor\\laravel\\framework\\src\\Illuminate\\Database\\Console\\Seeds\\SeedCommand.php(81): Illuminate\\Database\\Seeder->__invoke()
#25 C:\\OpenServer\\domains\\laratest\\vendor\\laravel\\framework\\src\\Illuminate\\Database\\Eloquent\\Concerns\\GuardsAttributes.php(155): Illuminate\\Database\\Console\\Seeds\\SeedCommand->Illuminate\\Database\\Console\\Seeds\\{closure}()
#26 C:\\OpenServer\\domains\\laratest\\vendor\\laravel\\framework\\src\\Illuminate\\Database\\Console\\Seeds\\SeedCommand.php(80): Illuminate\\Database\\Eloquent\\Model::unguarded()
#27 C:\\OpenServer\\domains\\laratest\\vendor\\laravel\\framework\\src\\Illuminate\\Container\\BoundMethod.php(36): Illuminate\\Database\\Console\\Seeds\\SeedCommand->handle()
#28 C:\\OpenServer\\domains\\laratest\\vendor\\laravel\\framework\\src\\Illuminate\\Container\\Util.php(41): Illuminate\\Container\\BoundMethod::Illuminate\\Container\\{closure}()
#29 C:\\OpenServer\\domains\\laratest\\vendor\\laravel\\framework\\src\\Illuminate\\Container\\BoundMethod.php(93): Illuminate\\Container\\Util::unwrapIfClosure()
#30 C:\\OpenServer\\domains\\laratest\\vendor\\laravel\\framework\\src\\Illuminate\\Container\\BoundMethod.php(35): Illuminate\\Container\\BoundMethod::callBoundMethod()
#31 C:\\OpenServer\\domains\\laratest\\vendor\\laravel\\framework\\src\\Illuminate\\Container\\Container.php(663): Illuminate\\Container\\BoundMethod::call()
#32 C:\\OpenServer\\domains\\laratest\\vendor\\laravel\\framework\\src\\Illuminate\\Console\\Command.php(182): Illuminate\\Container\\Container->call()
#33 C:\\OpenServer\\domains\\laratest\\vendor\\symfony\\console\\Command\\Command.php(291): Illuminate\\Console\\Command->execute()
#34 C:\\OpenServer\\domains\\laratest\\vendor\\laravel\\framework\\src\\Illuminate\\Console\\Command.php(151): Symfony\\Component\\Console\\Command\\Command->run()
#35 C:\\OpenServer\\domains\\laratest\\vendor\\symfony\\console\\Application.php(1014): Illuminate\\Console\\Command->run()
#36 C:\\OpenServer\\domains\\laratest\\vendor\\symfony\\console\\Application.php(301): Symfony\\Component\\Console\\Application->doRunCommand()
#37 C:\\OpenServer\\domains\\laratest\\vendor\\symfony\\console\\Application.php(171): Symfony\\Component\\Console\\Application->doRun()
#38 C:\\OpenServer\\domains\\laratest\\vendor\\laravel\\framework\\src\\Illuminate\\Console\\Application.php(102): Symfony\\Component\\Console\\Application->run()
#39 C:\\OpenServer\\domains\\laratest\\vendor\\laravel\\framework\\src\\Illuminate\\Foundation\\Console\\Kernel.php(155): Illuminate\\Console\\Application->run()
#40 C:\\OpenServer\\domains\\laratest\\artisan(35): Illuminate\\Foundation\\Console\\Kernel->handle()
#41 {main}
"} 
